2014-06-19 18:38:21.608 HelloWorld[30580:70b] Multi-tasking -> Device: YES, App: YES
2014-06-19 18:38:21.628 HelloWorld[30580:70b] Unlimited access to network resources
2014-06-19 18:38:21.630 HelloWorld[30580:70b] 

Started backup to iCloud! Please be careful.
Your application might rejected by Apple if you store too much data.
For more information please read "iOS Data Storage Guidelines"
You could find it at the following address https://developer.apple.com/icloud/documentation/data-storage/ .

2014-06-19 18:38:21.891 HelloWorld[30580:70b] Resetting plugins due to page load.
2014-06-19 18:38:21.989 HelloWorld[30580:70b] Finished load of: file:///Users/arashi/Library/Application%20Support/iPhone%20Simulator/7.1/Applications/A136F2B3-F2F6-4195-81E6-7690E1E694E6/HelloWorld.app/www/index.html
Terminating in response to SpringBoard's termination.
2014-06-19 21:41:35.901 HelloWorld[33046:70b] Multi-tasking -> Device: YES, App: YES
2014-06-19 21:41:35.926 HelloWorld[33046:70b] Unlimited access to network resources
2014-06-19 21:41:35.929 HelloWorld[33046:70b] 

Started backup to iCloud! Please be careful.
Your application might rejected by Apple if you store too much data.
For more information please read "iOS Data Storage Guidelines"
You could find it at the following address https://developer.apple.com/icloud/documentation/data-storage/ .

2014-06-19 21:41:36.226 HelloWorld[33046:70b] Resetting plugins due to page load.
2014-06-19 21:41:36.308 HelloWorld[33046:70b] Finished load of: file:///Users/arashi/Library/Application%20Support/iPhone%20Simulator/7.1/Applications/A136F2B3-F2F6-4195-81E6-7690E1E694E6/HelloWorld.app/www/index.html
2014-06-19 21:41:45.033 HelloWorld[33046:70b] Resetting plugins due to page load.
2014-06-19 21:41:45.037 HelloWorld[33046:70b] Failed to load webpage with error: Frame load interrupted
2014-06-19 21:41:46.924 HelloWorld[33046:70b] Resetting plugins due to page load.
2014-06-19 21:41:47.869 HelloWorld[33046:70b] Finished load of: https://github.com/scotch/angular-brunch-seed
2014-06-19 21:42:36.825 HelloWorld[33046:70b] Resetting plugins due to page load.
2014-06-19 21:42:37.339 HelloWorld[33046:70b] Finished load of: https://github.com/scotch/angular-brunch-seed?files=1
2014-06-19 22:03:56.077 HelloWorld[33527:70b] Multi-tasking -> Device: YES, App: YES
2014-06-19 22:03:56.087 HelloWorld[33527:70b] Unlimited access to network resources
2014-06-19 22:03:56.089 HelloWorld[33527:70b] 

Started backup to iCloud! Please be careful.
Your application might rejected by Apple if you store too much data.
For more information please read "iOS Data Storage Guidelines"
You could find it at the following address https://developer.apple.com/icloud/documentation/data-storage/ .

2014-06-19 22:03:56.166 HelloWorld[33527:70b] Resetting plugins due to page load.
2014-06-19 22:03:56.205 HelloWorld[33527:70b] Finished load of: file:///Users/arashi/Library/Application%20Support/iPhone%20Simulator/7.1/Applications/A136F2B3-F2F6-4195-81E6-7690E1E694E6/HelloWorld.app/www/index.html
2014-06-19 22:04:10.590 HelloWorld[33527:70b] Resetting plugins due to page load.
2014-06-19 22:04:10.593 HelloWorld[33527:70b] Failed to load webpage with error: Frame load interrupted
2014-06-19 22:05:26.186 HelloWorld[33527:70b] Resetting plugins due to page load.
2014-06-19 22:05:41.223 HelloWorld[34614:70b] Multi-tasking -> Device: YES, App: YES
2014-06-19 22:05:41.232 HelloWorld[34614:70b] Unlimited access to network resources
2014-06-19 22:05:41.234 HelloWorld[34614:70b] 

Started backup to iCloud! Please be careful.
Your application might rejected by Apple if you store too much data.
For more information please read "iOS Data Storage Guidelines"
You could find it at the following address https://developer.apple.com/icloud/documentation/data-storage/ .

2014-06-19 22:05:41.343 HelloWorld[34614:70b] Resetting plugins due to page load.
2014-06-19 22:05:41.394 HelloWorld[34614:70b] Finished load of: file:///Users/arashi/Library/Application%20Support/iPhone%20Simulator/7.1/Applications/A136F2B3-F2F6-4195-81E6-7690E1E694E6/HelloWorld.app/www/index.html
2014-06-19 22:06:26.472 HelloWorld[34761:70b] Multi-tasking -> Device: YES, App: YES
2014-06-19 22:06:26.478 HelloWorld[34761:70b] Unlimited access to network resources
2014-06-19 22:06:26.480 HelloWorld[34761:70b] 

Started backup to iCloud! Please be careful.
Your application might rejected by Apple if you store too much data.
For more information please read "iOS Data Storage Guidelines"
You could find it at the following address https://developer.apple.com/icloud/documentation/data-storage/ .

2014-06-19 22:06:26.522 HelloWorld[34761:70b] Resetting plugins due to page load.
2014-06-19 22:06:26.633 HelloWorld[34761:70b] Finished load of: file:///Users/arashi/Library/Application%20Support/iPhone%20Simulator/7.1/Applications/A136F2B3-F2F6-4195-81E6-7690E1E694E6/HelloWorld.app/www/index.html
Terminating in response to SpringBoard's termination.
2014-06-19 22:06:56.674 HelloWorld[34934:70b] Multi-tasking -> Device: YES, App: YES
2014-06-19 22:06:56.683 HelloWorld[34934:70b] Unlimited access to network resources
2014-06-19 22:06:56.686 HelloWorld[34934:70b] 

Started backup to iCloud! Please be careful.
Your application might rejected by Apple if you store too much data.
For more information please read "iOS Data Storage Guidelines"
You could find it at the following address https://developer.apple.com/icloud/documentation/data-storage/ .

2014-06-19 22:06:56.793 HelloWorld[34934:70b] Resetting plugins due to page load.
2014-06-19 22:06:56.865 HelloWorld[34934:70b] Finished load of: file:///Users/arashi/Library/Application%20Support/iPhone%20Simulator/7.1/Applications/A136F2B3-F2F6-4195-81E6-7690E1E694E6/HelloWorld.app/www/index.html
2014-06-19 22:07:04.627 HelloWorld[34934:70b] Resetting plugins due to page load.
2014-06-19 22:07:05.389 HelloWorld[34934:70b] Finished load of: https://github.com/scotch/angular-brunch-seed
2014-06-19 22:07:54.653 HelloWorld[35108:70b] Multi-tasking -> Device: YES, App: YES
2014-06-19 22:07:54.659 HelloWorld[35108:70b] Unlimited access to network resources
2014-06-19 22:07:54.662 HelloWorld[35108:70b] 

Started backup to iCloud! Please be careful.
Your application might rejected by Apple if you store too much data.
For more information please read "iOS Data Storage Guidelines"
You could find it at the following address https://developer.apple.com/icloud/documentation/data-storage/ .

2014-06-19 22:07:54.753 HelloWorld[35108:70b] Resetting plugins due to page load.
2014-06-19 22:07:54.828 HelloWorld[35108:70b] Finished load of: file:///Users/arashi/Library/Application%20Support/iPhone%20Simulator/7.1/Applications/A136F2B3-F2F6-4195-81E6-7690E1E694E6/HelloWorld.app/www/index.html
2014-06-19 22:58:10.812 HelloWorld[36534:70b] Multi-tasking -> Device: YES, App: YES
2014-06-19 22:58:10.837 HelloWorld[36534:70b] Unlimited access to network resources
2014-06-19 22:58:10.840 HelloWorld[36534:70b] 

Started backup to iCloud! Please be careful.
Your application might rejected by Apple if you store too much data.
For more information please read "iOS Data Storage Guidelines"
You could find it at the following address https://developer.apple.com/icloud/documentation/data-storage/ .

2014-06-19 22:58:11.098 HelloWorld[36534:70b] Resetting plugins due to page load.
2014-06-19 22:58:11.172 HelloWorld[36534:70b] Finished load of: file:///Users/arashi/Library/Application%20Support/iPhone%20Simulator/7.1/Applications/A136F2B3-F2F6-4195-81E6-7690E1E694E6/HelloWorld.app/www/index.html
2014-06-19 22:59:27.014 HelloWorld[36688:70b] Multi-tasking -> Device: YES, App: YES
2014-06-19 22:59:27.019 HelloWorld[36688:70b] Unlimited access to network resources
2014-06-19 22:59:27.021 HelloWorld[36688:70b] 

Started backup to iCloud! Please be careful.
Your application might rejected by Apple if you store too much data.
For more information please read "iOS Data Storage Guidelines"
You could find it at the following address https://developer.apple.com/icloud/documentation/data-storage/ .

2014-06-19 22:59:27.063 HelloWorld[36688:70b] Resetting plugins due to page load.
2014-06-19 22:59:27.208 HelloWorld[36688:70b] Finished load of: file:///Users/arashi/Library/Application%20Support/iPhone%20Simulator/7.1/Applications/A136F2B3-F2F6-4195-81E6-7690E1E694E6/HelloWorld.app/www/index.html#/todo
2014-06-19 23:00:01.437 HelloWorld[36859:70b] Multi-tasking -> Device: YES, App: YES
2014-06-19 23:00:01.443 HelloWorld[36859:70b] Unlimited access to network resources
2014-06-19 23:00:01.445 HelloWorld[36859:70b] 

Started backup to iCloud! Please be careful.
Your application might rejected by Apple if you store too much data.
For more information please read "iOS Data Storage Guidelines"
You could find it at the following address https://developer.apple.com/icloud/documentation/data-storage/ .

2014-06-19 23:00:01.545 HelloWorld[36859:70b] Resetting plugins due to page load.
2014-06-19 23:00:01.660 HelloWorld[36859:70b] Finished load of: file:///Users/arashi/Library/Application%20Support/iPhone%20Simulator/7.1/Applications/A136F2B3-F2F6-4195-81E6-7690E1E694E6/HelloWorld.app/www/index.html#/todo
